# JRE version: Java(TM) SE Runtime Environment (8.0_144-b01) (build 1.8.0_144-b01)
# Java VM: Java HotSpot(TM) 64-Bit Server VM (25.144-b01 mixed mode windows-amd64 compressed oops)
Heap:
 PSYoungGen      total 2048K, used 1527K [0x00000000f6380000, 0x00000000f6600000, 0x0000000100000000)
  eden space 1536K, 68% used [0x00000000f6380000,0x00000000f6485c08,0x00000000f6500000)
  from space 512K, 93% used [0x00000000f6500000,0x00000000f6578010,0x00000000f6580000)
  to   space 512K, 0% used [0x00000000f6580000,0x00000000f6580000,0x00000000f6600000)
 ParOldGen       total 5632K, used 508K [0x00000000e2a00000, 0x00000000e2f80000, 0x00000000f6380000)
  object space 5632K, 9% used [0x00000000e2a00000,0x00000000e2a7f050,0x00000000e2f80000)
 Metaspace       used 5043K, capacity 6132K, committed 6272K, reserved 1056768K
  class space    used 615K, capacity 624K, committed 640K, reserved 1048576K
GC Heap History (6 events):
Event: 0.466 GC heap before
{Heap before GC invocations=1 (full 0):
 PSYoungGen      total 2048K, used 1536K [0x00000000f6380000, 0x00000000f6600000, 0x0000000100000000)
  eden space 1536K, 100% used [0x00000000f6380000,0x00000000f6500000,0x00000000f6500000)
  from space 512K, 0% used [0x00000000f6580000,0x00000000f6580000,0x00000000f6600000)
  to   space 512K, 0% used [0x00000000f6500000,0x00000000f6500000,0x00000000f6580000)
 ParOldGen       total 5632K, used 0K [0x00000000e2a00000, 0x00000000e2f80000, 0x00000000f6380000)
  object space 5632K, 0% used [0x00000000e2a00000,0x00000000e2a00000,0x00000000e2f80000)
 Metaspace       used 3530K, capacity 4812K, committed 5120K, reserved 1056768K
  class space    used 410K, capacity 456K, committed 512K, reserved 1048576K
Event: 0.469 GC heap after
Heap after GC invocations=1 (full 0):
 PSYoungGen      total 2048K, used 496K [0x00000000f6380000, 0x00000000f6600000, 0x0000000100000000)
  eden space 1536K, 0% used [0x00000000f6380000,0x00000000f6380000,0x00000000f6500000)
  from space 512K, 96% used [0x00000000f6500000,0x00000000f657c030,0x00000000f6580000)
  to   space 512K, 0% used [0x00000000f6580000,0x00000000f6580000,0x00000000f6600000)
 ParOldGen       total 5632K, used 8K [0x00000000e2a00000, 0x00000000e2f80000, 0x00000000f6380000)
  object space 5632K, 0% used [0x00000000e2a00000,0x00000000e2a02000,0x00000000e2f80000)
 Metaspace       used 3530K, capacity 4812K, committed 5120K, reserved 1056768K
  class space    used 410K, capacity 456K, committed 512K, reserved 1048576K
}
Event: 0.584 GC heap before
{Heap before GC invocations=2 (full 0):
 PSYoungGen      total 2048K, used 2013K [0x00000000f6380000, 0x00000000f6600000, 0x0000000100000000)
  eden space 1536K, 98% used [0x00000000f6380000,0x00000000f64fb668,0x00000000f6500000)
  from space 512K, 96% used [0x00000000f6500000,0x00000000f657c030,0x00000000f6580000)
  to   space 512K, 0% used [0x00000000f6580000,0x00000000f6580000,0x00000000f6600000)
 ParOldGen       total 5632K, used 8K [0x00000000e2a00000, 0x00000000e2f80000, 0x00000000f6380000)
  object space 5632K, 0% used [0x00000000e2a00000,0x00000000e2a02000,0x00000000e2f80000)
 Metaspace       used 4165K, capacity 5324K, committed 5504K, reserved 1056768K
  class space    used 494K, capacity 520K, committed 640K, reserved 1048576K
Event: 0.587 GC heap after
Heap after GC invocations=2 (full 0):
 PSYoungGen      total 2048K, used 512K [0x00000000f6380000, 0x00000000f6600000, 0x0000000100000000)
  eden space 1536K, 0% used [0x00000000f6380000,0x00000000f6380000,0x00000000f6500000)
  from space 512K, 100% used [0x00000000f6580000,0x00000000f6600000,0x00000000f6600000)
  to   space 512K, 0% used [0x00000000f6500000,0x00000000f6500000,0x00000000f6580000)
 ParOldGen       total 5632K, used 176K [0x00000000e2a00000, 0x00000000e2f80000, 0x00000000f6380000)
  object space 5632K, 3% used [0x00000000e2a00000,0x00000000e2a2c010,0x00000000e2f80000)
 Metaspace       used 4165K, capacity 5324K, committed 5504K, reserved 1056768K
  class space    used 494K, capacity 520K, committed 640K, reserved 1048576K
}
Event: 0.676 GC heap before
{Heap before GC invocations=3 (full 0):
 PSYoungGen      total 2048K, used 2048K [0x00000000f6380000, 0x00000000f6600000, 0x0000000100000000)
  eden space 1536K, 100% used [0x00000000f6380000,0x00000000f6500000,0x00000000f6500000)
  from space 512K, 100% used [0x00000000f6580000,0x00000000f6600000,0x00000000f6600000)
  to   space 512K, 0% used [0x00000000f6500000,0x00000000f6500000,0x00000000f6580000)
 ParOldGen       total 5632K, used 176K [0x00000000e2a00000, 0x00000000e2f80000, 0x00000000f6380000)
  object space 5632K, 3% used [0x00000000e2a00000,0x00000000e2a2c010,0x00000000e2f80000)
 Metaspace       used 4693K, capacity 5844K, committed 6016K, reserved 1056768K
  class space    used 575K, capacity 592K, committed 640K, reserved 1048576K
Event: 0.679 GC heap after
Heap after GC invocations=3 (full 0):
 PSYoungGen      total 2048K, used 480K [0x00000000f6380000, 0x00000000f6600000, 0x0000000100000000)
  eden space 1536K, 0% used [0x00000000f6380000,0x00000000f6380000,0x00000000f6500000)
  from space 512K, 93% used [0x00000000f6500000,0x00000000f6578010,0x00000000f6580000)
  to   space 512K, 0% used [0x00000000f6580000,0x00000000f6580000,0x00000000f6600000)
 ParOldGen       total 5632K, used 508K [0x00000000e2a00000, 0x00000000e2f80000, 0x00000000f6380000)
  object space 5632K, 9% used [0x00000000e2a00000,0x00000000e2a7f050,0x00000000e2f80000)
 Metaspace       used 4693K, capacity 5844K, committed 6016K, reserved 1056768K
  class space    used 575K, capacity 592K, committed 640K, reserved 1048576K
}

