# JRE version: Java(TM) SE Runtime Environment (8.0_144-b01) (build 1.8.0_144-b01)
# Java VM: Java HotSpot(TM) 64-Bit Server VM (25.144-b01 mixed mode windows-amd64 compressed oops)
Heap:
 PSYoungGen      total 6656K, used 6144K [0x00000000f6380000, 0x00000000f6a80000, 0x0000000100000000)
  eden space 6144K, 100% used [0x00000000f6380000,0x00000000f6980000,0x00000000f6980000)
  from space 512K, 0% used [0x00000000f6980000,0x00000000f6980000,0x00000000f6a00000)
  to   space 512K, 0% used [0x00000000f6a00000,0x00000000f6a00000,0x00000000f6a80000)
 ParOldGen       total 10240K, used 5022K [0x00000000e2a00000, 0x00000000e3400000, 0x00000000f6380000)
  object space 10240K, 49% used [0x00000000e2a00000,0x00000000e2ee7930,0x00000000e3400000)
 Metaspace       used 7462K, capacity 8244K, committed 8448K, reserved 1056768K
  class space    used 900K, capacity 944K, committed 1024K, reserved 1048576K
GC Heap History (10 events):
Event: 0.804 GC heap before
{Heap before GC invocations=2 (full 0):
 PSYoungGen      total 2048K, used 1999K [0x00000000f6380000, 0x00000000f6780000, 0x0000000100000000)
  eden space 1536K, 98% used [0x00000000f6380000,0x00000000f64fbe68,0x00000000f6500000)
  from space 512K, 93% used [0x00000000f6500000,0x00000000f6578020,0x00000000f6580000)
  to   space 512K, 0% used [0x00000000f6700000,0x00000000f6700000,0x00000000f6780000)
 ParOldGen       total 5632K, used 8K [0x00000000e2a00000, 0x00000000e2f80000, 0x00000000f6380000)
  object space 5632K, 0% used [0x00000000e2a00000,0x00000000e2a02000,0x00000000e2f80000)
 Metaspace       used 4164K, capacity 5324K, committed 5504K, reserved 1056768K
  class space    used 493K, capacity 520K, committed 640K, reserved 1048576K
Event: 0.810 GC heap after
Heap after GC invocations=2 (full 0):
 PSYoungGen      total 3584K, used 480K [0x00000000f6380000, 0x00000000f6780000, 0x0000000100000000)
  eden space 3072K, 0% used [0x00000000f6380000,0x00000000f6380000,0x00000000f6680000)
  from space 512K, 93% used [0x00000000f6700000,0x00000000f6778030,0x00000000f6780000)
  to   space 512K, 0% used [0x00000000f6680000,0x00000000f6680000,0x00000000f6700000)
 ParOldGen       total 5632K, used 188K [0x00000000e2a00000, 0x00000000e2f80000, 0x00000000f6380000)
  object space 5632K, 3% used [0x00000000e2a00000,0x00000000e2a2f020,0x00000000e2f80000)
 Metaspace       used 4164K, capacity 5324K, committed 5504K, reserved 1056768K
  class space    used 493K, capacity 520K, committed 640K, reserved 1048576K
}
Event: 1.094 GC heap before
{Heap before GC invocations=3 (full 0):
 PSYoungGen      total 3584K, used 3552K [0x00000000f6380000, 0x00000000f6780000, 0x0000000100000000)
  eden space 3072K, 100% used [0x00000000f6380000,0x00000000f6680000,0x00000000f6680000)
  from space 512K, 93% used [0x00000000f6700000,0x00000000f6778030,0x00000000f6780000)
  to   space 512K, 0% used [0x00000000f6680000,0x00000000f6680000,0x00000000f6700000)
 ParOldGen       total 5632K, used 188K [0x00000000e2a00000, 0x00000000e2f80000, 0x00000000f6380000)
  object space 5632K, 3% used [0x00000000e2a00000,0x00000000e2a2f020,0x00000000e2f80000)
 Metaspace       used 5207K, capacity 6292K, committed 6656K, reserved 1056768K
  class space    used 631K, capacity 656K, committed 768K, reserved 1048576K
Event: 1.097 GC heap after
Heap after GC invocations=3 (full 0):
 PSYoungGen      total 3584K, used 496K [0x00000000f6380000, 0x00000000f6a80000, 0x0000000100000000)
  eden space 3072K, 0% used [0x00000000f6380000,0x00000000f6380000,0x00000000f6680000)
  from space 512K, 96% used [0x00000000f6680000,0x00000000f66fc010,0x00000000f6700000)
  to   space 512K, 0% used [0x00000000f6a00000,0x00000000f6a00000,0x00000000f6a80000)
 ParOldGen       total 5632K, used 540K [0x00000000e2a00000, 0x00000000e2f80000, 0x00000000f6380000)
  object space 5632K, 9% used [0x00000000e2a00000,0x00000000e2a87040,0x00000000e2f80000)
 Metaspace       used 5207K, capacity 6292K, committed 6656K, reserved 1056768K
  class space    used 631K, capacity 656K, committed 768K, reserved 1048576K
}
Event: 1.401 GC heap before
{Heap before GC invocations=4 (full 0):
 PSYoungGen      total 3584K, used 3515K [0x00000000f6380000, 0x00000000f6a80000, 0x0000000100000000)
  eden space 3072K, 98% used [0x00000000f6380000,0x00000000f6672bf0,0x00000000f6680000)
  from space 512K, 96% used [0x00000000f6680000,0x00000000f66fc010,0x00000000f6700000)
  to   space 512K, 0% used [0x00000000f6a00000,0x00000000f6a00000,0x00000000f6a80000)
 ParOldGen       total 5632K, used 540K [0x00000000e2a00000, 0x00000000e2f80000, 0x00000000f6380000)
  object space 5632K, 9% used [0x00000000e2a00000,0x00000000e2a87040,0x00000000e2f80000)
 Metaspace       used 6225K, capacity 7284K, committed 7552K, reserved 1056768K
  class space    used 778K, capacity 816K, committed 896K, reserved 1048576K
Event: 1.408 GC heap after
Heap after GC invocations=4 (full 0):
 PSYoungGen      total 6656K, used 512K [0x00000000f6380000, 0x00000000f6a80000, 0x0000000100000000)
  eden space 6144K, 0% used [0x00000000f6380000,0x00000000f6380000,0x00000000f6980000)
  from space 512K, 100% used [0x00000000f6a00000,0x00000000f6a80000,0x00000000f6a80000)
  to   space 512K, 0% used [0x00000000f6980000,0x00000000f6980000,0x00000000f6a00000)
 ParOldGen       total 5632K, used 903K [0x00000000e2a00000, 0x00000000e2f80000, 0x00000000f6380000)
  object space 5632K, 16% used [0x00000000e2a00000,0x00000000e2ae1f58,0x00000000e2f80000)
 Metaspace       used 6225K, capacity 7284K, committed 7552K, reserved 1056768K
  class space    used 778K, capacity 816K, committed 896K, reserved 1048576K
}
Event: 3.621 GC heap before
{Heap before GC invocations=5 (full 0):
 PSYoungGen      total 6656K, used 6656K [0x00000000f6380000, 0x00000000f6a80000, 0x0000000100000000)
  eden space 6144K, 100% used [0x00000000f6380000,0x00000000f6980000,0x00000000f6980000)
  from space 512K, 100% used [0x00000000f6a00000,0x00000000f6a80000,0x00000000f6a80000)
  to   space 512K, 0% used [0x00000000f6980000,0x00000000f6980000,0x00000000f6a00000)
 ParOldGen       total 5632K, used 903K [0x00000000e2a00000, 0x00000000e2f80000, 0x00000000f6380000)
  object space 5632K, 16% used [0x00000000e2a00000,0x00000000e2ae1f58,0x00000000e2f80000)
 Metaspace       used 7328K, capacity 8084K, committed 8448K, reserved 1056768K
  class space    used 893K, capacity 912K, committed 1024K, reserved 1048576K
Event: 3.632 GC heap after
Heap after GC invocations=5 (full 0):
 PSYoungGen      total 6656K, used 512K [0x00000000f6380000, 0x00000000f6a80000, 0x0000000100000000)
  eden space 6144K, 0% used [0x00000000f6380000,0x00000000f6380000,0x00000000f6980000)
  from space 512K, 100% used [0x00000000f6980000,0x00000000f6a00000,0x00000000f6a00000)
  to   space 512K, 0% used [0x00000000f6a00000,0x00000000f6a00000,0x00000000f6a80000)
 ParOldGen       total 5632K, used 4638K [0x00000000e2a00000, 0x00000000e2f80000, 0x00000000f6380000)
  object space 5632K, 82% used [0x00000000e2a00000,0x00000000e2e87860,0x00000000e2f80000)
 Metaspace       used 7328K, capacity 8084K, committed 8448K, reserved 1056768K
  class space    used 893K, capacity 912K, committed 1024K, reserved 1048576K
}
Event: 3.632 GC heap before
{Heap before GC invocations=6 (full 1):
 PSYoungGen      total 6656K, used 512K [0x00000000f6380000, 0x00000000f6a80000, 0x0000000100000000)
  eden space 6144K, 0% used [0x00000000f6380000,0x00000000f6380000,0x00000000f6980000)
  from space 512K, 100% used [0x00000000f6980000,0x00000000f6a00000,0x00000000f6a00000)
  to   space 512K, 0% used [0x00000000f6a00000,0x00000000f6a00000,0x00000000f6a80000)
 ParOldGen       total 5632K, used 4638K [0x00000000e2a00000, 0x00000000e2f80000, 0x00000000f6380000)
  object space 5632K, 82% used [0x00000000e2a00000,0x00000000e2e87860,0x00000000e2f80000)
 Metaspace       used 7328K, capacity 8084K, committed 8448K, reserved 1056768K
  class space    used 893K, capacity 912K, committed 1024K, reserved 1048576K
Event: 3.688 GC heap after
Heap after GC invocations=6 (full 1):
 PSYoungGen      total 6656K, used 0K [0x00000000f6380000, 0x00000000f6a80000, 0x0000000100000000)
  eden space 6144K, 0% used [0x00000000f6380000,0x00000000f6380000,0x00000000f6980000)
  from space 512K, 0% used [0x00000000f6980000,0x00000000f6980000,0x00000000f6a00000)
  to   space 512K, 0% used [0x00000000f6a00000,0x00000000f6a00000,0x00000000f6a80000)
 ParOldGen       total 10240K, used 5022K [0x00000000e2a00000, 0x00000000e3400000, 0x00000000f6380000)
  object space 10240K, 49% used [0x00000000e2a00000,0x00000000e2ee7930,0x00000000e3400000)
 Metaspace       used 7328K, capacity 8084K, committed 8448K, reserved 1056768K
  class space    used 893K, capacity 912K, committed 1024K, reserved 1048576K
}

