# JRE version: Java(TM) SE Runtime Environment (8.0_144-b01) (build 1.8.0_144-b01)
# Java VM: Java HotSpot(TM) 64-Bit Server VM (25.144-b01 mixed mode windows-amd64 compressed oops)
Heap:
 PSYoungGen      total 3584K, used 2405K [0x00000000f6380000, 0x00000000f6780000, 0x0000000100000000)
  eden space 3072K, 62% used [0x00000000f6380000,0x00000000f655d6f0,0x00000000f6680000)
  from space 512K, 96% used [0x00000000f6700000,0x00000000f677c010,0x00000000f6780000)
  to   space 512K, 0% used [0x00000000f6680000,0x00000000f6680000,0x00000000f6700000)
 ParOldGen       total 5632K, used 184K [0x00000000e2a00000, 0x00000000e2f80000, 0x00000000f6380000)
  object space 5632K, 3% used [0x00000000e2a00000,0x00000000e2a2e010,0x00000000e2f80000)
 Metaspace       used 4802K, capacity 5908K, committed 6016K, reserved 1056768K
  class space    used 580K, capacity 592K, committed 640K, reserved 1048576K
GC Heap History (4 events):
Event: 0.313 GC heap before
{Heap before GC invocations=1 (full 0):
 PSYoungGen      total 2048K, used 1536K [0x00000000f6380000, 0x00000000f6600000, 0x0000000100000000)
  eden space 1536K, 100% used [0x00000000f6380000,0x00000000f6500000,0x00000000f6500000)
  from space 512K, 0% used [0x00000000f6580000,0x00000000f6580000,0x00000000f6600000)
  to   space 512K, 0% used [0x00000000f6500000,0x00000000f6500000,0x00000000f6580000)
 ParOldGen       total 5632K, used 0K [0x00000000e2a00000, 0x00000000e2f80000, 0x00000000f6380000)
  object space 5632K, 0% used [0x00000000e2a00000,0x00000000e2a00000,0x00000000e2f80000)
 Metaspace       used 3530K, capacity 4812K, committed 5120K, reserved 1056768K
  class space    used 410K, capacity 456K, committed 512K, reserved 1048576K
Event: 0.316 GC heap after
Heap after GC invocations=1 (full 0):
 PSYoungGen      total 2048K, used 496K [0x00000000f6380000, 0x00000000f6780000, 0x0000000100000000)
  eden space 1536K, 0% used [0x00000000f6380000,0x00000000f6380000,0x00000000f6500000)
  from space 512K, 96% used [0x00000000f6500000,0x00000000f657c010,0x00000000f6580000)
  to   space 512K, 0% used [0x00000000f6700000,0x00000000f6700000,0x00000000f6780000)
 ParOldGen       total 5632K, used 8K [0x00000000e2a00000, 0x00000000e2f80000, 0x00000000f6380000)
  object space 5632K, 0% used [0x00000000e2a00000,0x00000000e2a02000,0x00000000e2f80000)
 Metaspace       used 3530K, capacity 4812K, committed 5120K, reserved 1056768K
  class space    used 410K, capacity 456K, committed 512K, reserved 1048576K
}
Event: 0.402 GC heap before
{Heap before GC invocations=2 (full 0):
 PSYoungGen      total 2048K, used 2000K [0x00000000f6380000, 0x00000000f6780000, 0x0000000100000000)
  eden space 1536K, 97% used [0x00000000f6380000,0x00000000f64f81b0,0x00000000f6500000)
  from space 512K, 96% used [0x00000000f6500000,0x00000000f657c010,0x00000000f6580000)
  to   space 512K, 0% used [0x00000000f6700000,0x00000000f6700000,0x00000000f6780000)
 ParOldGen       total 5632K, used 8K [0x00000000e2a00000, 0x00000000e2f80000, 0x00000000f6380000)
  object space 5632K, 0% used [0x00000000e2a00000,0x00000000e2a02000,0x00000000e2f80000)
 Metaspace       used 4149K, capacity 5324K, committed 5504K, reserved 1056768K
  class space    used 493K, capacity 520K, committed 640K, reserved 1048576K
Event: 0.404 GC heap after
Heap after GC invocations=2 (full 0):
 PSYoungGen      total 3584K, used 496K [0x00000000f6380000, 0x00000000f6780000, 0x0000000100000000)
  eden space 3072K, 0% used [0x00000000f6380000,0x00000000f6380000,0x00000000f6680000)
  from space 512K, 96% used [0x00000000f6700000,0x00000000f677c010,0x00000000f6780000)
  to   space 512K, 0% used [0x00000000f6680000,0x00000000f6680000,0x00000000f6700000)
 ParOldGen       total 5632K, used 184K [0x00000000e2a00000, 0x00000000e2f80000, 0x00000000f6380000)
  object space 5632K, 3% used [0x00000000e2a00000,0x00000000e2a2e010,0x00000000e2f80000)
 Metaspace       used 4149K, capacity 5324K, committed 5504K, reserved 1056768K
  class space    used 493K, capacity 520K, committed 640K, reserved 1048576K
}

